<?xml version="1.0" encoding="UTF-8"?>
<!-- Generated by org.testng.reporters.JUnitXMLReporter -->
<testsuite ignored="3" hostname="DESKTOP-2OF0Q6C" failures="0" tests="3" name="Test1" time="0.087" errors="0" timestamp="2026-09-02T17:37:16 IST">
  <testcase classname="package1.Test2" name="logoutTest" time="0.011"/>
  <testcase classname="package1.Test3" name="customersupport" time="0.001"/>
  <testcase classname="package1.Test3" name="payment" time="0.005"/>
  <testcase classname="package1.Test2" name="loginTest" time="0.0">
    <ignored/>
  </testcase> <!-- loginTest -->
  <testcase classname="package1.Test2" name="search" time="0.0">
    <ignored/>
  </testcase> <!-- search -->
  <testcase classname="package1.Test3" name="orderstatus" time="0.0">
    <ignored/>
  </testcase> <!-- orderstatus -->
</testsuite> <!-- Test1 -->
