<?xml version="1.0" encoding="UTF-8"?>
<!-- Generated by org.testng.reporters.JUnitReportReporter -->
<testsuite hostname="DESKTOP-2OF0Q6C" failures="0" tests="3" name="package1.datapro" time="16.741" errors="0" timestamp="2026-09-02T17:16:46 IST" skipped="0">
  <testcase classname="package1.datapro" name="testFaceBookTitle" time="6.984"/>
  <testcase classname="package1.datapro" name="testFaceBookTitle" time="5.501"/>
  <testcase classname="package1.datapro" name="testFaceBookTitle" time="4.256"/>
</testsuite> <!-- package1.datapro -->
