<?xml version="1.0" encoding="UTF-8"?>
<!-- Generated by org.testng.reporters.JUnitReportReporter -->
<testsuite hostname="DESKTOP-2OF0Q6C" failures="0" tests="3" name="Runner.runner" time="11.395" errors="0" timestamp="2026-09-09T17:29:14 IST" skipped="0">
  <testcase classname="Runner.runner" name="runScenario" time="4.893"/>
  <testcase classname="Runner.runner" name="runScenario" time="3.551"/>
  <testcase classname="Runner.runner" name="runScenario" time="2.951"/>
</testsuite> <!-- Runner.runner -->
